<?xml version="1.0" encoding="UTF-8"?>
<!-- Generated by org.testng.reporters.JUnitReportReporter -->
<testsuite hostname="Selcuk-Once" name="com.automationpractice.demo.WebDriverSwitchDemo" tests="3" failures="1" timestamp="27 Sep 2019 02:12:35 GMT" time="18.960" errors="0">
  <testcase name="swicthtoAlert" time="5.426" classname="com.automationpractice.demo.WebDriverSwitchDemo"/>
  <testcase name="swicthToWindow" time="6.284" classname="com.automationpractice.demo.WebDriverSwitchDemo"/>
  <testcase name="switchToFrame" time="7.250" classname="com.automationpractice.demo.WebDriverSwitchDemo">
    <failure type="org.openqa.selenium.SessionNotCreatedException" message="session not created
from chrome not reachable
  (Session info: chrome=77.0.3865.90)
Build info: version: &#039;3.141.59&#039;, revision: &#039;e82be7d358&#039;, time: &#039;2018-11-14T08:17:03&#039;
System info: host: &#039;SELCUK-ONCE&#039;, ip: &#039;192.168.0.19&#039;, os.name: &#039;Windows 10&#039;, os.arch: &#039;amd64&#039;, os.version: &#039;10.0&#039;, java.version: &#039;1.8.0_212&#039;
Driver info: driver.version: Driver
remote stacktrace: Backtrace:
	Ordinal0 [0x0045EB13+1501971]
	Ordinal0 [0x003DF6D1+980689]
	Ordinal0 [0x00367508+488712]
	Ordinal0 [0x0036131A+463642]
	Ordinal0 [0x003619C8+465352]
	Ordinal0 [0x00362AA5+469669]
	Ordinal0 [0x0035EC85+453765]
	Ordinal0 [0x00368330+492336]
	Ordinal0 [0x0031A108+172296]
	Ordinal0 [0x0031942D+169005]
	Ordinal0 [0x003178EB+162027]
	Ordinal0 [0x00300AC7+68295]
	Ordinal0 [0x00301B40+72512]
	Ordinal0 [0x00301AD9+72409]
	Ordinal0 [0x003F8F37+1085239]
	GetHandleVerifier [0x004FD7ED+503293]
	GetHandleVerifier [0x004FD580+502672]
	GetHandleVerifier [0x005046AC+531644]
	GetHandleVerifier [0x004FDFFA+505354]
	Ordinal0 [0x003F0606+1050118]
	Ordinal0 [0x003F047F+1049727]
	Ordinal0 [0x003FAF9B+1093531]
	Ordinal0 [0x003FB103+1093891]
	Ordinal0 [0x003FA095+1089685]
	BaseThreadInitThunk [0x74920419+25]
	RtlGetAppContainerNamedObjectPath [0x772E662D+237]
	RtlGetAppContainerNamedObjectPath [0x772E65FD+189]
">
      <![CDATA[org.openqa.selenium.SessionNotCreatedException: session not created
from chrome not reachable
  (Session info: chrome=77.0.3865.90)
Build info: version: '3.141.59', revision: 'e82be7d358', time: '2018-11-14T08:17:03'
System info: host: 'SELCUK-ONCE', ip: '192.168.0.19', os.name: 'Windows 10', os.arch: 'amd64', os.version: '10.0', java.version: '1.8.0_212'
Driver info: driver.version: Driver
remote stacktrace: Backtrace:
	Ordinal0 [0x0045EB13+1501971]
	Ordinal0 [0x003DF6D1+980689]
	Ordinal0 [0x00367508+488712]
	Ordinal0 [0x0036131A+463642]
	Ordinal0 [0x003619C8+465352]
	Ordinal0 [0x00362AA5+469669]
	Ordinal0 [0x0035EC85+453765]
	Ordinal0 [0x00368330+492336]
	Ordinal0 [0x0031A108+172296]
	Ordinal0 [0x0031942D+169005]
	Ordinal0 [0x003178EB+162027]
	Ordinal0 [0x00300AC7+68295]
	Ordinal0 [0x00301B40+72512]
	Ordinal0 [0x00301AD9+72409]
	Ordinal0 [0x003F8F37+1085239]
	GetHandleVerifier [0x004FD7ED+503293]
	GetHandleVerifier [0x004FD580+502672]
	GetHandleVerifier [0x005046AC+531644]
	GetHandleVerifier [0x004FDFFA+505354]
	Ordinal0 [0x003F0606+1050118]
	Ordinal0 [0x003F047F+1049727]
	Ordinal0 [0x003FAF9B+1093531]
	Ordinal0 [0x003FB103+1093891]
	Ordinal0 [0x003FA095+1089685]
	BaseThreadInitThunk [0x74920419+25]
	RtlGetAppContainerNamedObjectPath [0x772E662D+237]
	RtlGetAppContainerNamedObjectPath [0x772E65FD+189]

	at sun.reflect.NativeConstructorAccessorImpl.newInstance0(Native Method)
	at sun.reflect.NativeConstructorAccessorImpl.newInstance(Unknown Source)
	at sun.reflect.DelegatingConstructorAccessorImpl.newInstance(Unknown Source)
	at java.lang.reflect.Constructor.newInstance(Unknown Source)
	at org.openqa.selenium.remote.W3CHandshakeResponse.lambda$errorHandler$0(W3CHandshakeResponse.java:62)
	at org.openqa.selenium.remote.HandshakeResponse.lambda$getResponseFunction$0(HandshakeResponse.java:30)
	at org.openqa.selenium.remote.ProtocolHandshake.lambda$createSession$0(ProtocolHandshake.java:126)
	at java.util.stream.ReferencePipeline$3$1.accept(Unknown Source)
	at java.util.Spliterators$ArraySpliterator.tryAdvance(Unknown Source)
	at java.util.stream.ReferencePipeline.forEachWithCancel(Unknown Source)
	at java.util.stream.AbstractPipeline.copyIntoWithCancel(Unknown Source)
	at java.util.stream.AbstractPipeline.copyInto(Unknown Source)
	at java.util.stream.AbstractPipeline.wrapAndCopyInto(Unknown Source)
	at java.util.stream.FindOps$FindOp.evaluateSequential(Unknown Source)
	at java.util.stream.AbstractPipeline.evaluate(Unknown Source)
	at java.util.stream.ReferencePipeline.findFirst(Unknown Source)
	at org.openqa.selenium.remote.ProtocolHandshake.createSession(ProtocolHandshake.java:128)
	at org.openqa.selenium.remote.ProtocolHandshake.createSession(ProtocolHandshake.java:74)
	at org.openqa.selenium.remote.HttpCommandExecutor.execute(HttpCommandExecutor.java:136)
	at org.openqa.selenium.remote.service.DriverCommandExecutor.execute(DriverCommandExecutor.java:83)
	at org.openqa.selenium.remote.RemoteWebDriver.execute(RemoteWebDriver.java:552)
	at org.openqa.selenium.remote.RemoteWebDriver.startSession(RemoteWebDriver.java:213)
	at org.openqa.selenium.remote.RemoteWebDriver.<init>(RemoteWebDriver.java:131)
	at org.openqa.selenium.chrome.ChromeDriver.<init>(ChromeDriver.java:181)
	at org.openqa.selenium.chrome.ChromeDriver.<init>(ChromeDriver.java:168)
	at org.openqa.selenium.chrome.ChromeDriver.<init>(ChromeDriver.java:123)
	at utils.Driver.getChromeDriver(Driver.java:37)
	at utils.Driver.getDriver(Driver.java:17)
	at com.automationpractice.demo.WebDriverSwitchDemo.switchToFrame(WebDriverSwitchDemo.java:54)
	at sun.reflect.NativeMethodAccessorImpl.invoke0(Native Method)
	at sun.reflect.NativeMethodAccessorImpl.invoke(Unknown Source)
	at sun.reflect.DelegatingMethodAccessorImpl.invoke(Unknown Source)
	at java.lang.reflect.Method.invoke(Unknown Source)
	at org.testng.internal.MethodInvocationHelper.invokeMethod(MethodInvocationHelper.java:80)
	at org.testng.internal.Invoker.invokeMethod(Invoker.java:714)
	at org.testng.internal.Invoker.invokeTestMethod(Invoker.java:901)
	at org.testng.internal.Invoker.invokeTestMethods(Invoker.java:1231)
	at org.testng.internal.TestMethodWorker.invokeTestMethods(TestMethodWorker.java:127)
	at org.testng.internal.TestMethodWorker.run(TestMethodWorker.java:111)
	at org.testng.TestRunner.privateRun(TestRunner.java:767)
	at org.testng.TestRunner.run(TestRunner.java:617)
	at org.testng.SuiteRunner.runTest(SuiteRunner.java:334)
	at org.testng.SuiteRunner.runSequentially(SuiteRunner.java:329)
	at org.testng.SuiteRunner.privateRun(SuiteRunner.java:291)
	at org.testng.SuiteRunner.run(SuiteRunner.java:240)
	at org.testng.SuiteRunnerWorker.runSuite(SuiteRunnerWorker.java:52)
	at org.testng.SuiteRunnerWorker.run(SuiteRunnerWorker.java:86)
	at org.testng.TestNG.runSuitesSequentially(TestNG.java:1198)
	at org.testng.TestNG.runSuitesLocally(TestNG.java:1123)
	at org.testng.TestNG.run(TestNG.java:1031)
	at org.testng.remote.AbstractRemoteTestNG.run(AbstractRemoteTestNG.java:115)
	at org.testng.remote.RemoteTestNG.initAndRun(RemoteTestNG.java:251)
	at org.testng.remote.RemoteTestNG.main(RemoteTestNG.java:77)
]]>
    </failure>
  </testcase> <!-- switchToFrame -->
</testsuite> <!-- com.automationpractice.demo.WebDriverSwitchDemo -->
